5 6 7      0.836    196.253 0 # matmult_mnk
10 11 12      2.828    309.163 0 # matmult_mnk
50 51 52     60.953    346.395 0 # matmult_mnk
100 101 102    239.078    353.524 0 # matmult_mnk
500 501 502   5882.828    240.589 0 # matmult_mnk
1000 1001 1002  23484.391    214.216 0 # matmult_mnk
1500 1501 1502  52804.703    153.322 0 # matmult_mnk
2000 2001 2002  93843.766     94.316 252 # matmult_mnk
5 6 7      0.836    187.942 0 # matmult_nmk
10 11 12      2.828    301.075 0 # matmult_nmk
50 51 52     60.953    346.582 0 # matmult_nmk
100 101 102    239.078    356.319 0 # matmult_nmk
500 501 502   5882.828    303.186 0 # matmult_nmk
1000 1001 1002  23484.391    256.993 0 # matmult_nmk
1500 1501 1502  52804.703    195.468 0 # matmult_nmk
2000 2001 2002  93843.766    163.927 252 # matmult_nmk
5 6 7      0.836    196.989 0 # matmult_mkn
10 11 12      2.828    302.896 0 # matmult_mkn
50 51 52     60.953    335.503 0 # matmult_mkn
100 101 102    239.078    353.551 0 # matmult_mkn
500 501 502   5882.828    363.781 0 # matmult_mkn
1000 1001 1002  23484.391    364.587 0 # matmult_mkn
1500 1501 1502  52804.703    366.684 0 # matmult_mkn
2000 2001 2002  93843.766    365.493 252 # matmult_mkn
5 6 7      0.836    186.117 0 # matmult_nkm
10 11 12      2.828    290.980 0 # matmult_nkm
50 51 52     60.953    329.095 0 # matmult_nkm
100 101 102    239.078    338.048 0 # matmult_nkm
500 501 502   5882.828    231.255 0 # matmult_nkm
1000 1001 1002  23484.391    101.993 0 # matmult_nkm
1500 1501 1502  52804.703    151.751 0 # matmult_nkm
2000 2001 2002  93843.766     88.615 252 # matmult_nkm
5 6 7      0.836    191.267 0 # matmult_kmn
10 11 12      2.828    302.327 0 # matmult_kmn
50 51 52     60.953    347.529 0 # matmult_kmn
100 101 102    239.078    355.178 0 # matmult_kmn
500 501 502   5882.828    364.433 0 # matmult_kmn
1000 1001 1002  23484.391    366.010 0 # matmult_kmn
1500 1501 1502  52804.703    365.300 0 # matmult_kmn
2000 2001 2002  93843.766    363.970 252 # matmult_kmn
5 6 7      0.836    189.512 0 # matmult_knm
10 11 12      2.828    290.041 0 # matmult_knm
50 51 52     60.953    328.754 0 # matmult_knm
100 101 102    239.078    336.462 0 # matmult_knm
500 501 502   5882.828    222.213 0 # matmult_knm
1000 1001 1002  23484.391    238.782 0 # matmult_knm
1500 1501 1502  52804.703    157.603 0 # matmult_knm
2000 2001 2002  93843.766     86.792 252 # matmult_knm
