size: 5 6 7 bs: 2      0.836    120.702 0 # matmult_blk 2
size: 5 6 7 bs: 10      0.836    146.065 0 # matmult_blk 10
size: 5 6 7 bs: 50      0.836    146.071 0 # matmult_blk 50
size: 5 6 7 bs: 100      0.836    146.073 0 # matmult_blk 100
size: 5 6 7 bs: 500      0.836    145.654 0 # matmult_blk 500
size: 5 6 7 bs: 1000      0.836    146.001 0 # matmult_blk 1000
size: 5 6 7 bs: 1500      0.836    142.356 0 # matmult_blk 1500
size: 10 11 12 bs: 2      2.828    147.780 0 # matmult_blk 2
size: 10 11 12 bs: 10      2.828    187.531 0 # matmult_blk 10
size: 10 11 12 bs: 50      2.828    198.588 0 # matmult_blk 50
size: 10 11 12 bs: 100      2.828    198.910 0 # matmult_blk 100
size: 10 11 12 bs: 500      2.828    197.225 0 # matmult_blk 500
size: 10 11 12 bs: 1000      2.828    192.245 0 # matmult_blk 1000
size: 10 11 12 bs: 1500      2.828    200.584 0 # matmult_blk 1500
size: 50 51 52 bs: 2     60.953    165.619 0 # matmult_blk 2
size: 50 51 52 bs: 10     60.953    212.669 0 # matmult_blk 10
size: 50 51 52 bs: 50     60.953    226.336 0 # matmult_blk 50
size: 50 51 52 bs: 100     60.953    228.317 0 # matmult_blk 100
size: 50 51 52 bs: 500     60.953    227.535 0 # matmult_blk 500
size: 50 51 52 bs: 1000     60.953    228.345 0 # matmult_blk 1000
size: 50 51 52 bs: 1500     60.953    228.185 0 # matmult_blk 1500
size: 100 101 102 bs: 2    239.078    167.525 0 # matmult_blk 2
size: 100 101 102 bs: 10    239.078    213.907 0 # matmult_blk 10
size: 100 101 102 bs: 50    239.078    225.745 0 # matmult_blk 50
size: 100 101 102 bs: 100    239.078    224.205 0 # matmult_blk 100
size: 100 101 102 bs: 500    239.078    224.653 0 # matmult_blk 500
size: 100 101 102 bs: 1000    239.078    224.768 0 # matmult_blk 1000
size: 100 101 102 bs: 1500    239.078    225.808 0 # matmult_blk 1500
size: 500 501 502 bs: 2   5882.828    152.490 0 # matmult_blk 2
size: 500 501 502 bs: 10   5882.828    210.813 0 # matmult_blk 10
size: 500 501 502 bs: 50   5882.828    222.313 0 # matmult_blk 50
size: 500 501 502 bs: 100   5882.828    207.480 0 # matmult_blk 100
size: 500 501 502 bs: 500   5882.828    170.404 0 # matmult_blk 500
size: 500 501 502 bs: 1000   5882.828    168.230 0 # matmult_blk 1000
size: 500 501 502 bs: 1500   5882.828    170.864 0 # matmult_blk 1500
size: 1000 1001 1002 bs: 2  23484.391    143.238 0 # matmult_blk 2
size: 1000 1001 1002 bs: 10  23484.391    196.764 0 # matmult_blk 10
size: 1000 1001 1002 bs: 50  23484.391    221.294 0 # matmult_blk 50
size: 1000 1001 1002 bs: 100  23484.391    217.834 0 # matmult_blk 100
size: 1000 1001 1002 bs: 500  23484.391    167.468 0 # matmult_blk 500
size: 1000 1001 1002 bs: 1000  23484.391    148.919 0 # matmult_blk 1000
size: 1000 1001 1002 bs: 1500  23484.391    168.708 0 # matmult_blk 1500
size: 1500 1501 1502 bs: 2  52804.703    118.716 0 # matmult_blk 2
size: 1500 1501 1502 bs: 10  52804.703    191.645 0 # matmult_blk 10
size: 1500 1501 1502 bs: 50  52804.703    221.008 0 # matmult_blk 50
size: 1500 1501 1502 bs: 100  52804.703    218.729 0 # matmult_blk 100
size: 1500 1501 1502 bs: 500  52804.703    181.297 0 # matmult_blk 500
size: 1500 1501 1502 bs: 1000  52804.703    166.682 0 # matmult_blk 1000
size: 1500 1501 1502 bs: 1500  52804.703    109.385 0 # matmult_blk 1500
size: 2000 2001 2002 bs: 2  93843.766    113.009 252 # matmult_blk 2
size: 2000 2001 2002 bs: 10  93843.766    192.206 252 # matmult_blk 10
size: 2000 2001 2002 bs: 50  93843.766    221.611 252 # matmult_blk 50
size: 2000 2001 2002 bs: 100  93843.766    222.606 252 # matmult_blk 100
size: 2000 2001 2002 bs: 500  93843.766    180.030 252 # matmult_blk 500
size: 2000 2001 2002 bs: 1000  93843.766    176.891 252 # matmult_blk 1000
size: 2000 2001 2002 bs: 1500  93843.766    149.090 252 # matmult_blk 1500
